Build started 08-02-16 20:28:38.
     1>Project "D:\SU\Semester II\OOD\Projects\Project1\SemiExp\SemiExp.vcxproj" on node 2 (Build target(s)).
     1>Link:
         C:\Program Files (x86)\Microsoft Visual Studio 14.0\VC\bin\x86_amd64\link.exe /ERRORREPORT:PROMPT /OUT:"D:\SU\Semester II\OOD\Projects\Project1\x64\Debug\SemiExp.exe" /INCREMENTAL /NOLOGO kernel32.lib user32.lib gdi32.lib winspool.lib comdlg32.lib advapi32.lib shell32.lib ole32.lib oleaut32.lib uuid.lib odbc32.lib odbccp32.lib /MANIFEST /MANIFESTUAC:"level='asInvoker' uiAccess='false'" /manifest:embed /Debug /PDB:"D:\SU\Semester II\OOD\Projects\Project1\x64\Debug\SemiExp.pdb" /SUBSYSTEM:CONSOLE /TLBID:1 /DYNAMICBASE /NXCOMPAT /IMPLIB:"D:\SU\Semester II\OOD\Projects\Project1\x64\Debug\SemiExp.lib" /MACHINE:X64 x64\Debug\SemiExp.obj
         "D:\SU\Semester II\OOD\Projects\Project1\Debug\Tokenizer.lib"
     1>SemiExp.obj : error LNK2019: unresolved external symbol "public: __cdecl Scanner::Toker::Toker(void)" (??0Toker@Scanner@@QEAA@XZ) referenced in function main
     1>SemiExp.obj : error LNK2019: unresolved external symbol "public: __cdecl Scanner::Toker::~Toker(void)" (??1Toker@Scanner@@QEAA@XZ) referenced in function main
     1>SemiExp.obj : error LNK2019: unresolved external symbol "public: bool __cdecl Scanner::Toker::attach(class std::basic_istream<char,struct std::char_traits<char> > *)" (?attach@Toker@Scanner@@QEAA_NPEAV?$basic_istream@DU?$char_traits@D@std@@@std@@@Z) referenced in function main
     1>SemiExp.obj : error LNK2019: unresolved external symbol "public: class std::basic_string<char,struct std::char_traits<char>,class std::allocator<char> > __cdecl Scanner::Toker::getTok(void)" (?getTok@Toker@Scanner@@QEAA?AV?$basic_string@DU?$char_traits@D@std@@V?$allocator@D@2@@std@@XZ) referenced in function "public: bool __cdecl Scanner::SemiExp::getHelper(bool)" (?getHelper@SemiExp@Scanner@@QEAA_N_N@Z)
     1>D:\SU\Semester II\OOD\Projects\Project1\Debug\Tokenizer.lib : warning LNK4272: library machine type 'X86' conflicts with target machine type 'x64'
     1>D:\SU\Semester II\OOD\Projects\Project1\x64\Debug\SemiExp.exe : fatal error LNK1120: 4 unresolved externals
     1>Done Building Project "D:\SU\Semester II\OOD\Projects\Project1\SemiExp\SemiExp.vcxproj" (Build target(s)) -- FAILED.

Build FAILED.

Time Elapsed 00:00:00.31
